Determining if the pthread_create exist failed with the following output:
Change Dir: /media/alex/Data/Master/4th Semester/Advanced Topics in Graphics/exercises/exercise_7/framework_g07_cpp/build/CMakeFiles/CMakeTmp

Run Build Command:/usr/bin/make "cmTryCompileExec3729614788/fast"
/usr/bin/make -f CMakeFiles/cmTryCompileExec3729614788.dir/build.make CMakeFiles/cmTryCompileExec3729614788.dir/build
make[1]: Entering directory `/media/alex/Data/Master/4th Semester/Advanced Topics in Graphics/exercises/exercise_7/framework_g07_cpp/build/CMakeFiles/CMakeTmp'
/usr/bin/cmake -E cmake_progress_report "/media/alex/Data/Master/4th Semester/Advanced Topics in Graphics/exercises/exercise_7/framework_g07_cpp/build/CMakeFiles/CMakeTmp/CMakeFiles" 1
Building C object CMakeFiles/cmTryCompileExec3729614788.dir/CheckSymbolExists.c.o
/usr/bin/cc    -o CMakeFiles/cmTryCompileExec3729614788.dir/CheckSymbolExists.c.o   -c "/media/alex/Data/Master/4th Semester/Advanced Topics in Graphics/exercises/exercise_7/framework_g07_cpp/build/CMakeFiles/CMakeTmp/CheckSymbolExists.c"
Linking C executable cmTryCompileExec3729614788
/usr/bin/cmake -E cmake_link_script CMakeFiles/cmTryCompileExec3729614788.dir/link.txt --verbose=1
/usr/bin/cc       CMakeFiles/cmTryCompileExec3729614788.dir/CheckSymbolExists.c.o  -o cmTryCompileExec3729614788 -rdynamic 
CMakeFiles/cmTryCompileExec3729614788.dir/CheckSymbolExists.c.o: In function `main':
CheckSymbolExists.c:(.text+0x16): undefined reference to `pthread_create'
collect2: error: ld returned 1 exit status
make[1]: *** [cmTryCompileExec3729614788] Error 1
make[1]: Leaving directory `/media/alex/Data/Master/4th Semester/Advanced Topics in Graphics/exercises/exercise_7/framework_g07_cpp/build/CMakeFiles/CMakeTmp'
make: *** [cmTryCompileExec3729614788/fast] Error 2

File /media/alex/Data/Master/4th Semester/Advanced Topics in Graphics/exercises/exercise_7/framework_g07_cpp/build/CMakeFiles/CMakeTmp/CheckSymbolExists.c:
/* */
#include <pthread.h>

int main(int argc, char** argv)
{
  (void)argv;
#ifndef pthread_create
  return ((int*)(&pthread_create))[argc];
#else
  (void)argc;
  return 0;
#endif
}

Determining if the function pthread_create exists in the pthreads failed with the following output:
Change Dir: /media/alex/Data/Master/4th Semester/Advanced Topics in Graphics/exercises/exercise_7/framework_g07_cpp/build/CMakeFiles/CMakeTmp

Run Build Command:/usr/bin/make "cmTryCompileExec1732753378/fast"
/usr/bin/make -f CMakeFiles/cmTryCompileExec1732753378.dir/build.make CMakeFiles/cmTryCompileExec1732753378.dir/build
make[1]: Entering directory `/media/alex/Data/Master/4th Semester/Advanced Topics in Graphics/exercises/exercise_7/framework_g07_cpp/build/CMakeFiles/CMakeTmp'
/usr/bin/cmake -E cmake_progress_report "/media/alex/Data/Master/4th Semester/Advanced Topics in Graphics/exercises/exercise_7/framework_g07_cpp/build/CMakeFiles/CMakeTmp/CMakeFiles" 1
Building C object CMakeFiles/cmTryCompileExec1732753378.dir/CheckFunctionExists.c.o
/usr/bin/cc   -DCHECK_FUNCTION_EXISTS=pthread_create   -o CMakeFiles/cmTryCompileExec1732753378.dir/CheckFunctionExists.c.o   -c /usr/share/cmake-2.8/Modules/CheckFunctionExists.c
Linking C executable cmTryCompileExec1732753378
/usr/bin/cmake -E cmake_link_script CMakeFiles/cmTryCompileExec1732753378.dir/link.txt --verbose=1
/usr/bin/cc   -DCHECK_FUNCTION_EXISTS=pthread_create    CMakeFiles/cmTryCompileExec1732753378.dir/CheckFunctionExists.c.o  -o cmTryCompileExec1732753378 -rdynamic -lpthreads 
/usr/bin/ld: cannot find -lpthreads
collect2: error: ld returned 1 exit status
make[1]: *** [cmTryCompileExec1732753378] Error 1
make[1]: Leaving directory `/media/alex/Data/Master/4th Semester/Advanced Topics in Graphics/exercises/exercise_7/framework_g07_cpp/build/CMakeFiles/CMakeTmp'
make: *** [cmTryCompileExec1732753378/fast] Error 2


Performing C++ SOURCE FILE Test HAS_CPP14_FLAG failed with the following output:
Change Dir: /media/alex/Data/Master/4th Semester/Advanced Topics in Graphics/exercises/exercise_7/framework_g07_cpp/build/CMakeFiles/CMakeTmp

Run Build Command:/usr/bin/make "cmTryCompileExec3553089240/fast"
/usr/bin/make -f CMakeFiles/cmTryCompileExec3553089240.dir/build.make CMakeFiles/cmTryCompileExec3553089240.dir/build
make[1]: Entering directory `/media/alex/Data/Master/4th Semester/Advanced Topics in Graphics/exercises/exercise_7/framework_g07_cpp/build/CMakeFiles/CMakeTmp'
/usr/bin/cmake -E cmake_progress_report "/media/alex/Data/Master/4th Semester/Advanced Topics in Graphics/exercises/exercise_7/framework_g07_cpp/build/CMakeFiles/CMakeTmp/CMakeFiles" 1
Building CXX object CMakeFiles/cmTryCompileExec3553089240.dir/src.cxx.o
/usr/bin/c++    -std=c++11 -Wno-deprecated-declarations -std=c++11 -w -Wall -Wextra -DHAS_CPP14_FLAG   -std=c++14 -o CMakeFiles/cmTryCompileExec3553089240.dir/src.cxx.o -c "/media/alex/Data/Master/4th Semester/Advanced Topics in Graphics/exercises/exercise_7/framework_g07_cpp/build/CMakeFiles/CMakeTmp/src.cxx"
c++: error: unrecognized command line option '-std=c++14'
make[1]: *** [CMakeFiles/cmTryCompileExec3553089240.dir/src.cxx.o] Error 1
make[1]: Leaving directory `/media/alex/Data/Master/4th Semester/Advanced Topics in Graphics/exercises/exercise_7/framework_g07_cpp/build/CMakeFiles/CMakeTmp'
make: *** [cmTryCompileExec3553089240/fast] Error 2

Source file was:
int main() { return 0;}
